<?xml version="1.0" encoding="UTF-8"?>
<!-- Generated by org.testng.reporters.JUnitXMLReporter -->
<testsuite ignored="14" hostname="lasurepc" failures="0" tests="8" name="Create new platform" time="0.108" errors="0" timestamp="2024-10-26T02:22:45 AST">
  <testcase classname="Tests_User.testbase" name="@BeforeSuite startdriver" time="1.471">
    <failure type="org.openqa.selenium.SessionNotCreatedException" message="Could not start a new session. Response code 500. Message: session not created: This version of ChromeDriver only supports Chrome version 128
Current browser version is 130.0.6723.70 with binary path C:\Program Files (x86)\Google\Chrome\Application\chrome.exe 
Host info: host: &amp;apos;LASUREPC&amp;apos;, ip: &amp;apos;192.168.1.7&amp;apos;
Build info: version: &amp;apos;4.25.0&amp;apos;, revision: &amp;apos;8a8aea2337&amp;apos;
System info: os.name: &amp;apos;Windows 10&amp;apos;, os.arch: &amp;apos;amd64&amp;apos;, os.version: &amp;apos;10.0&amp;apos;, java.version: &amp;apos;16.0.2&amp;apos;
Driver info: org.openqa.selenium.chrome.ChromeDriver
Command: [null, newSession {capabilities=[Capabilities {browserName: chrome, goog:chromeOptions: {args: [], extensions: []}}]}]">
      <![CDATA[org.openqa.selenium.SessionNotCreatedException: Could not start a new session. Response code 500. Message: session not created: This version of ChromeDriver only supports Chrome version 128
Current browser version is 130.0.6723.70 with binary path C:\Program Files (x86)\Google\Chrome\Application\chrome.exe 
Host info: host: 'LASUREPC', ip: '192.168.1.7'
Build info: version: '4.25.0', revision: '8a8aea2337'
System info: os.name: 'Windows 10', os.arch: 'amd64', os.version: '10.0', java.version: '16.0.2'
Driver info: org.openqa.selenium.chrome.ChromeDriver
Command: [null, newSession {capabilities=[Capabilities {browserName: chrome, goog:chromeOptions: {args: [], extensions: []}}]}]
at org.openqa.selenium.remote.ProtocolHandshake.createSession(ProtocolHandshake.java:114)
at org.openqa.selenium.remote.ProtocolHandshake.createSession(ProtocolHandshake.java:75)
at org.openqa.selenium.remote.ProtocolHandshake.createSession(ProtocolHandshake.java:61)
at org.openqa.selenium.remote.HttpCommandExecutor.execute(HttpCommandExecutor.java:162)
at org.openqa.selenium.remote.service.DriverCommandExecutor.invokeExecute(DriverCommandExecutor.java:216)
at org.openqa.selenium.remote.service.DriverCommandExecutor.execute(DriverCommandExecutor.java:174)
at org.openqa.selenium.remote.RemoteWebDriver.execute(RemoteWebDriver.java:545)
at org.openqa.selenium.remote.RemoteWebDriver.startSession(RemoteWebDriver.java:245)
at org.openqa.selenium.remote.RemoteWebDriver.<init>(RemoteWebDriver.java:174)
at org.openqa.selenium.chromium.ChromiumDriver.<init>(ChromiumDriver.java:114)
at org.openqa.selenium.chrome.ChromeDriver.<init>(ChromeDriver.java:88)
at org.openqa.selenium.chrome.ChromeDriver.<init>(ChromeDriver.java:83)
at org.openqa.selenium.chrome.ChromeDriver.<init>(ChromeDriver.java:51)
at Tests_User.testbase.startdriver(testbase.java:29)
... Removed 19 stack frames]]>
    </failure>
  </testcase> <!-- @BeforeSuite startdriver -->
  <testcase classname="Tests_User.testbase" name="@AfterMethod screenshootonfailure" time="-1.729898565618E9">
    <skipped/>
  </testcase> <!-- @AfterMethod screenshootonfailure -->
  <testcase classname="Tests_User.testbase" name="@AfterMethod screenshootonfailure" time="-1.72989856564E9">
    <skipped/>
  </testcase> <!-- @AfterMethod screenshootonfailure -->
  <testcase classname="Tests_User.testbase" name="@AfterMethod screenshootonfailure" time="-1.729898565648E9">
    <skipped/>
  </testcase> <!-- @AfterMethod screenshootonfailure -->
  <testcase classname="Tests_User.testbase" name="@AfterMethod screenshootonfailure" time="-1.729898565656E9">
    <skipped/>
  </testcase> <!-- @AfterMethod screenshootonfailure -->
  <testcase classname="Tests_User.testbase" name="@AfterMethod screenshootonfailure" time="-1.729898565666E9">
    <skipped/>
  </testcase> <!-- @AfterMethod screenshootonfailure -->
  <testcase classname="Tests_User.testbase" name="@AfterMethod screenshootonfailure" time="-1.729898565674E9">
    <skipped/>
  </testcase> <!-- @AfterMethod screenshootonfailure -->
  <testcase classname="Tests_User.testbase" name="@AfterMethod screenshootonfailure" time="-1.729898565683E9">
    <skipped/>
  </testcase> <!-- @AfterMethod screenshootonfailure -->
  <testcase classname="Tests_User.testbase" name="@AfterMethod screenshootonfailure" time="-1.729898565691E9">
    <skipped/>
  </testcase> <!-- @AfterMethod screenshootonfailure -->
  <testcase classname="Tests_User.Login_Test" name="UserCanLogin" time="0.0">
    <skipped/>
  </testcase> <!-- UserCanLogin -->
  <testcase classname="Tests_User.addPlatform_Test" name="UserCanRegisterPlatform" time="0.0">
    <skipped/>
  </testcase> <!-- UserCanRegisterPlatform -->
  <testcase classname="Tests_User.savePlatform_Test" name="UserCansavePlatform" time="0.0">
    <skipped/>
  </testcase> <!-- UserCansavePlatform -->
  <testcase classname="Tests_User.savePlatformSecondPhase_Test" name="platformSecondPhase_fn" time="0.0">
    <skipped/>
  </testcase> <!-- platformSecondPhase_fn -->
  <testcase classname="Tests_User.savePlatformServiceList_Test" name="platformThirdPhase_fn" time="0.0">
    <skipped/>
  </testcase> <!-- platformThirdPhase_fn -->
  <testcase classname="Internal_Test_User.Internal_Login_Test" name="UserCanLogin" time="0.0">
    <skipped/>
  </testcase> <!-- UserCanLogin -->
  <testcase classname="Internal_Test_User.Licenses_Accept_Test" name="Licenses_Acceptance" time="0.0">
    <skipped/>
  </testcase> <!-- Licenses_Acceptance -->
  <testcase classname="Internal_Test_User.ProductsSolutions_Accept_Test" name="Licenses_Acceptance" time="0.0">
    <skipped/>
  </testcase> <!-- Licenses_Acceptance -->
  <testcase classname="Tests_User.testbase" name="@AfterSuite stop_driver" time="0.0">
    <ignored/>
  </testcase> <!-- @AfterSuite stop_driver -->
  <testcase classname="Tests_User.testbase" name="@AfterSuite stop_driver" time="0.0">
    <ignored/>
  </testcase> <!-- @AfterSuite stop_driver -->
  <testcase classname="Tests_User.testbase" name="@AfterSuite stop_driver" time="0.0">
    <ignored/>
  </testcase> <!-- @AfterSuite stop_driver -->
  <testcase classname="Tests_User.testbase" name="@AfterSuite stop_driver" time="0.0">
    <ignored/>
  </testcase> <!-- @AfterSuite stop_driver -->
  <testcase classname="Tests_User.testbase" name="@AfterSuite stop_driver" time="0.0">
    <ignored/>
  </testcase> <!-- @AfterSuite stop_driver -->
  <testcase classname="Tests_User.testbase" name="@AfterSuite stop_driver" time="0.0">
    <ignored/>
  </testcase> <!-- @AfterSuite stop_driver -->
  <testcase classname="Tests_User.testbase" name="@AfterSuite stop_driver" time="0.0">
    <ignored/>
  </testcase> <!-- @AfterSuite stop_driver -->
  <testcase classname="Tests_User.testbase" name="@BeforeSuite startdriver" time="0.0">
    <ignored/>
  </testcase> <!-- @BeforeSuite startdriver -->
  <testcase classname="Tests_User.testbase" name="@BeforeSuite startdriver" time="0.0">
    <ignored/>
  </testcase> <!-- @BeforeSuite startdriver -->
  <testcase classname="Tests_User.testbase" name="@BeforeSuite startdriver" time="0.0">
    <ignored/>
  </testcase> <!-- @BeforeSuite startdriver -->
  <testcase classname="Tests_User.testbase" name="@BeforeSuite startdriver" time="0.0">
    <ignored/>
  </testcase> <!-- @BeforeSuite startdriver -->
  <testcase classname="Tests_User.testbase" name="@BeforeSuite startdriver" time="0.0">
    <ignored/>
  </testcase> <!-- @BeforeSuite startdriver -->
  <testcase classname="Tests_User.testbase" name="@BeforeSuite startdriver" time="0.0">
    <ignored/>
  </testcase> <!-- @BeforeSuite startdriver -->
  <testcase classname="Tests_User.testbase" name="@BeforeSuite startdriver" time="0.0">
    <ignored/>
  </testcase> <!-- @BeforeSuite startdriver -->
</testsuite> <!-- Create new platform -->
